# JRE version: Java(TM) SE Runtime Environment Oracle GraalVM 21.0.5+9.1 (21.0.5+9) (build 21.0.5+9-LTS-jvmci-23.1-b48)
# Java VM: Java HotSpot(TM) 64-Bit Server VM Oracle GraalVM 21.0.5+9.1 (21.0.5+9-LTS-jvmci-23.1-b48, mixed mode, sharing, tiered, jvmci, jvmci compiler, compressed oops, compressed class ptrs, g1 gc, windows-amd64)
GC Precious Log:
 CardTable entry size: 512
 Card Set container configuration: InlinePtr #cards 5 size 8 Array Of Cards #cards 12 size 40 Howl #buckets 4 coarsen threshold 1843 Howl Bitmap #cards 512 size 80 coarsen threshold 460 Card regions per heap region 1 cards per card region 2048
 CPUs: 12 total, 12 available
 Memory: 8118M
 Large Page Support: Disabled
 NUMA Support: Disabled
 Compressed Oops: Enabled (32-bit)
 Heap Region Size: 1M
 Heap Min Capacity: 8M
 Heap Initial Capacity: 128M
 Heap Max Capacity: 2030M
 Pre-touch: Disabled
 Parallel Workers: 10
 Concurrent Workers: 3
 Concurrent Refinement Workers: 10
 Periodic GC: Disabled
Heap:
 garbage-first heap   total 60416K, used 46146K [0x0000000081200000, 0x0000000100000000)
  region size 1024K, 13 young (13312K), 3 survivors (3072K)
 Metaspace       used 79570K, committed 80384K, reserved 1179648K
  class space    used 10259K, committed 10624K, reserved 1048576K
GC Heap History (20 events):
Event: 1.877 GC heap before
{Heap before GC invocations=6 (full 0):
 garbage-first heap   total 60416K, used 47071K [0x0000000081200000, 0x0000000100000000)
  region size 1024K, 31 young (31744K), 3 survivors (3072K)
 Metaspace       used 34976K, committed 35520K, reserved 1114112K
  class space    used 4223K, committed 4480K, reserved 1048576K
}
Event: 1.880 GC heap after
{Heap after GC invocations=7 (full 0):
 garbage-first heap   total 60416K, used 22169K [0x0000000081200000, 0x0000000100000000)
  region size 1024K, 3 young (3072K), 3 survivors (3072K)
 Metaspace       used 34976K, committed 35520K, reserved 1114112K
  class space    used 4223K, committed 4480K, reserved 1048576K
}
Event: 1.923 GC heap before
{Heap before GC invocations=7 (full 0):
 garbage-first heap   total 60416K, used 29337K [0x0000000081200000, 0x0000000100000000)
  region size 1024K, 11 young (11264K), 3 survivors (3072K)
 Metaspace       used 35420K, committed 35968K, reserved 1114112K
  class space    used 4280K, committed 4480K, reserved 1048576K
}
Event: 1.924 GC heap after
{Heap after GC invocations=8 (full 0):
 garbage-first heap   total 60416K, used 23060K [0x0000000081200000, 0x0000000100000000)
  region size 1024K, 1 young (1024K), 1 survivors (1024K)
 Metaspace       used 35420K, committed 35968K, reserved 1114112K
  class space    used 4280K, committed 4480K, reserved 1048576K
}
Event: 2.265 GC heap before
{Heap before GC invocations=9 (full 0):
 garbage-first heap   total 60416K, used 48660K [0x0000000081200000, 0x0000000100000000)
  region size 1024K, 27 young (27648K), 1 survivors (1024K)
 Metaspace       used 42438K, committed 43008K, reserved 1114112K
  class space    used 5379K, committed 5632K, reserved 1048576K
}
Event: 2.267 GC heap after
{Heap after GC invocations=10 (full 0):
 garbage-first heap   total 60416K, used 24571K [0x0000000081200000, 0x0000000100000000)
  region size 1024K, 3 young (3072K), 3 survivors (3072K)
 Metaspace       used 42438K, committed 43008K, reserved 1114112K
  class space    used 5379K, committed 5632K, reserved 1048576K
}
Event: 3.167 GC heap before
{Heap before GC invocations=10 (full 0):
 garbage-first heap   total 60416K, used 50171K [0x0000000081200000, 0x0000000100000000)
  region size 1024K, 29 young (29696K), 3 survivors (3072K)
 Metaspace       used 53767K, committed 54272K, reserved 1114112K
  class space    used 6703K, committed 6912K, reserved 1048576K
}
Event: 3.170 GC heap after
{Heap after GC invocations=11 (full 0):
 garbage-first heap   total 60416K, used 26555K [0x0000000081200000, 0x0000000100000000)
  region size 1024K, 4 young (4096K), 4 survivors (4096K)
 Metaspace       used 53767K, committed 54272K, reserved 1114112K
  class space    used 6703K, committed 6912K, reserved 1048576K
}
Event: 3.376 GC heap before
{Heap before GC invocations=11 (full 0):
 garbage-first heap   total 60416K, used 42939K [0x0000000081200000, 0x0000000100000000)
  region size 1024K, 22 young (22528K), 4 survivors (4096K)
 Metaspace       used 59461K, committed 60096K, reserved 1114112K
  class space    used 7487K, committed 7808K, reserved 1048576K
}
Event: 3.379 GC heap after
{Heap after GC invocations=12 (full 0):
 garbage-first heap   total 60416K, used 27648K [0x0000000081200000, 0x0000000100000000)
  region size 1024K, 1 young (1024K), 1 survivors (1024K)
 Metaspace       used 59461K, committed 60096K, reserved 1114112K
  class space    used 7487K, committed 7808K, reserved 1048576K
}
Event: 3.678 GC heap before
{Heap before GC invocations=13 (full 0):
 garbage-first heap   total 60416K, used 53248K [0x0000000081200000, 0x0000000100000000)
  region size 1024K, 26 young (26624K), 1 survivors (1024K)
 Metaspace       used 65133K, committed 65792K, reserved 1114112K
  class space    used 8446K, committed 8768K, reserved 1048576K
}
Event: 3.680 GC heap after
{Heap after GC invocations=14 (full 0):
 garbage-first heap   total 60416K, used 28631K [0x0000000081200000, 0x0000000100000000)
  region size 1024K, 2 young (2048K), 2 survivors (2048K)
 Metaspace       used 65133K, committed 65792K, reserved 1114112K
  class space    used 8446K, committed 8768K, reserved 1048576K
}
Event: 4.553 GC heap before
{Heap before GC invocations=14 (full 0):
 garbage-first heap   total 60416K, used 54231K [0x0000000081200000, 0x0000000100000000)
  region size 1024K, 27 young (27648K), 2 survivors (2048K)
 Metaspace       used 70315K, committed 71040K, reserved 1114112K
  class space    used 9074K, committed 9408K, reserved 1048576K
}
Event: 4.555 GC heap after
{Heap after GC invocations=15 (full 0):
 garbage-first heap   total 60416K, used 30796K [0x0000000081200000, 0x0000000100000000)
  region size 1024K, 4 young (4096K), 4 survivors (4096K)
 Metaspace       used 70315K, committed 71040K, reserved 1114112K
  class space    used 9074K, committed 9408K, reserved 1048576K
}
Event: 4.717 GC heap before
{Heap before GC invocations=15 (full 0):
 garbage-first heap   total 60416K, used 51276K [0x0000000081200000, 0x0000000100000000)
  region size 1024K, 24 young (24576K), 4 survivors (4096K)
 Metaspace       used 72835K, committed 73536K, reserved 1114112K
  class space    used 9355K, committed 9664K, reserved 1048576K
}
Event: 4.720 GC heap after
{Heap after GC invocations=16 (full 0):
 garbage-first heap   total 60416K, used 32785K [0x0000000081200000, 0x0000000100000000)
  region size 1024K, 2 young (2048K), 2 survivors (2048K)
 Metaspace       used 72835K, committed 73536K, reserved 1114112K
  class space    used 9355K, committed 9664K, reserved 1048576K
}
Event: 4.942 GC heap before
{Heap before GC invocations=17 (full 0):
 garbage-first heap   total 60416K, used 53265K [0x0000000081200000, 0x0000000100000000)
  region size 1024K, 22 young (22528K), 2 survivors (2048K)
 Metaspace       used 75833K, committed 76608K, reserved 1179648K
  class space    used 9802K, committed 10112K, reserved 1048576K
}
Event: 4.945 GC heap after
{Heap after GC invocations=18 (full 0):
 garbage-first heap   total 60416K, used 35100K [0x0000000081200000, 0x0000000100000000)
  region size 1024K, 3 young (3072K), 3 survivors (3072K)
 Metaspace       used 75833K, committed 76608K, reserved 1179648K
  class space    used 9802K, committed 10112K, reserved 1048576K
}
Event: 5.095 GC heap before
{Heap before GC invocations=18 (full 0):
 garbage-first heap   total 60416K, used 52508K [0x0000000081200000, 0x0000000100000000)
  region size 1024K, 20 young (20480K), 3 survivors (3072K)
 Metaspace       used 77546K, committed 78336K, reserved 1179648K
  class space    used 9997K, committed 10368K, reserved 1048576K
}
Event: 5.098 GC heap after
{Heap after GC invocations=19 (full 0):
 garbage-first heap   total 60416K, used 36930K [0x0000000081200000, 0x0000000100000000)
  region size 1024K, 3 young (3072K), 3 survivors (3072K)
 Metaspace       used 77546K, committed 78336K, reserved 1179648K
  class space    used 9997K, committed 10368K, reserved 1048576K
}

